<?xml version="1.0" encoding="UTF-8"?>
<testsuites name="UnsuccessfulLogin" time="51" tests="4" failures="0" errors="0">
   <testsuite name="UnsuccessfulLogin" tests="4" failures="0" errors="0" time="51" timestamp="2018-08-01 13:20:24" hostname="bikram - Bikram.AV.LOCAL" id="Test Suites/UnsuccessfulLogin">
      <properties>
         <property name="deviceName" value=""/>
         <property name="devicePlatform" value=""/>
         <property name="logFolder" value="D:\\AVN\\AVN\\Reports\\UnsuccessfulLogin\\20180801_132022"/>
         <property name="logFiles" value="D:\\AVN\\AVN\\Reports\\UnsuccessfulLogin\\20180801_132022\\execution0.log"/>
         <property name="attachments" value=""/>
         <property name="hostName" value="bikram - Bikram.AV.LOCAL"/>
         <property name="os" value="Windows 10 64bit"/>
         <property name="katalonVersion" value="5.5.0.1"/>
         <property name="browser" value="Firefox 55.0"/>
         <property name="hostAddress" value="192.168.1.15"/>
         <property name="sessionId" value="26170178-a6cd-43fb-84ef-9bbcad8ba61f"/>
         <property name="seleniumVersion" value="3.7.1"/>
         <property name="proxyInformation" value="ProxyInformation{proxyOption=NO_PROXY, proxyServerType=HTTP, password=, proxyServerAddress=, proxyServerPort=0}"/>
         <property name="platform" value="Windows 10"/>
      </properties>
      <testcase name="Test Cases/Verify that Password field is validated for wrong password" classname="Test Cases/Verify that Password field is validated for wrong password" status="PASSED">
         <system-out><![CDATA[2018-08-01 13:20:24 - [TEST_CASE][PASSED] - Test Cases/Verify that Password field is validated for wrong password: Test Cases/Verify that Password field is validated for wrong password

2018-08-01 13:20:24 - [TEST_STEP][PASSED] - Start listener action : sampleBeforeTestCase: Browser is opened with url: 'http://kyc'

2018-08-01 13:20:24 - [TEST_STEP][PASSED] - Statement - println(testCaseContext.getTestCaseId()): null

2018-08-01 13:20:24 - [TEST_STEP][PASSED] - Statement - println(testCaseContext.getTestCaseVariables()): null

2018-08-01 13:20:24 - [TEST_STEP][PASSED] - openBrowser: Browser is opened with url: 'http://kyc'

2018-08-01 13:20:36 - [MESSAGE][PASSED] - Browser is opened with url: 'http://kyc'

2018-08-01 13:20:36 - [TEST_STEP][PASSED] - sendKeys: Keys 'admin' sent to object: 'Object Repository/KYC Login Page/input_Username'

2018-08-01 13:20:37 - [MESSAGE][PASSED] - Keys 'admin' sent to object: 'Object Repository/KYC Login Page/input_Username'

2018-08-01 13:20:37 - [TEST_STEP][PASSED] - sendKeys: Keys 'wrongpassword' sent to object: 'Object Repository/KYC Login Page/input_Password'

2018-08-01 13:20:37 - [MESSAGE][PASSED] - Keys 'wrongpassword' sent to object: 'Object Repository/KYC Login Page/input_Password'

2018-08-01 13:20:37 - [TEST_STEP][PASSED] - click: Object: 'Object Repository/KYC Login Page/button_Login' is clicked on

2018-08-01 13:20:38 - [MESSAGE][PASSED] - Object: 'Object Repository/KYC Login Page/button_Login' is clicked on

2018-08-01 13:20:38 - [TEST_STEP][PASSED] - verifyTextPresent: Text 'Invalid login attempt' is present on page 

2018-08-01 13:20:38 - [MESSAGE][PASSED] - Text 'Invalid login attempt' is present on page 

2018-08-01 13:20:38 - [TEST_STEP][PASSED] - Start listener action : sampleAfterTestCase: Invoke 'com.kms.katalon.core.annotation.AfterTestCase' method: 'AVTestListener.sampleAfterTestCase(...)' completed.

2018-08-01 13:20:38 - [TEST_STEP][PASSED] - Statement - println(testCaseContext.getTestCaseId()): null

2018-08-01 13:20:38 - [TEST_STEP][PASSED] - Statement - println(testCaseContext.getTestCaseStatus()): Invoke 'com.kms.katalon.core.annotation.AfterTestCase' method: 'AVTestListener.sampleAfterTestCase(...)' completed.]]></system-out>
         <system-err><![CDATA[]]></system-err>
      </testcase>
      <testcase name="Test Cases/Verify that Username field is validated as required field" classname="Test Cases/Verify that Username field is validated as required field" status="PASSED">
         <system-out><![CDATA[2018-08-01 13:20:38 - [TEST_CASE][PASSED] - Test Cases/Verify that Username field is validated as required field: Test Cases/Verify that Username field is validated as required field

2018-08-01 13:20:38 - [TEST_STEP][PASSED] - Start listener action : sampleBeforeTestCase: Browser is opened with url: 'http://kyc'

2018-08-01 13:20:38 - [TEST_STEP][PASSED] - Statement - println(testCaseContext.getTestCaseId()): null

2018-08-01 13:20:38 - [TEST_STEP][PASSED] - Statement - println(testCaseContext.getTestCaseVariables()): null

2018-08-01 13:20:38 - [TEST_STEP][PASSED] - openBrowser: Browser is opened with url: 'http://kyc'

2018-08-01 13:20:38 - [MESSAGE][WARNING] - A browser is already opened. Closing browser and opening a new one

2018-08-01 13:20:49 - [MESSAGE][PASSED] - Browser is opened with url: 'http://kyc'

2018-08-01 13:20:49 - [TEST_STEP][PASSED] - sendKeys: Keys 'pass@word1' sent to object: 'Object Repository/KYC Login Page/input_Password'

2018-08-01 13:20:49 - [MESSAGE][PASSED] - Keys 'pass@word1' sent to object: 'Object Repository/KYC Login Page/input_Password'

2018-08-01 13:20:49 - [TEST_STEP][PASSED] - click: Object: 'Object Repository/KYC Login Page/button_Login' is clicked on

2018-08-01 13:20:50 - [MESSAGE][PASSED] - Object: 'Object Repository/KYC Login Page/button_Login' is clicked on

2018-08-01 13:20:50 - [TEST_STEP][PASSED] - verifyTextPresent: Text 'The Username field is req' is present on page 

2018-08-01 13:20:50 - [MESSAGE][PASSED] - Text 'The Username field is req' is present on page 

2018-08-01 13:20:50 - [TEST_STEP][PASSED] - Start listener action : sampleAfterTestCase: Invoke 'com.kms.katalon.core.annotation.AfterTestCase' method: 'AVTestListener.sampleAfterTestCase(...)' completed.

2018-08-01 13:20:50 - [TEST_STEP][PASSED] - Statement - println(testCaseContext.getTestCaseId()): null

2018-08-01 13:20:50 - [TEST_STEP][PASSED] - Statement - println(testCaseContext.getTestCaseStatus()): Invoke 'com.kms.katalon.core.annotation.AfterTestCase' method: 'AVTestListener.sampleAfterTestCase(...)' completed.]]></system-out>
         <system-err><![CDATA[]]></system-err>
      </testcase>
      <testcase name="Test Cases/Verify that Username field is validated for wrong username" classname="Test Cases/Verify that Username field is validated for wrong username" status="PASSED">
         <system-out><![CDATA[2018-08-01 13:20:50 - [TEST_CASE][PASSED] - Test Cases/Verify that Username field is validated for wrong username: Test Cases/Verify that Username field is validated for wrong username

2018-08-01 13:20:50 - [TEST_STEP][PASSED] - Start listener action : sampleBeforeTestCase: Browser is opened with url: 'http://kyc'

2018-08-01 13:20:50 - [TEST_STEP][PASSED] - Statement - println(testCaseContext.getTestCaseId()): null

2018-08-01 13:20:50 - [TEST_STEP][PASSED] - Statement - println(testCaseContext.getTestCaseVariables()): null

2018-08-01 13:20:50 - [TEST_STEP][PASSED] - openBrowser: Browser is opened with url: 'http://kyc'

2018-08-01 13:20:50 - [MESSAGE][WARNING] - A browser is already opened. Closing browser and opening a new one

2018-08-01 13:21:01 - [MESSAGE][PASSED] - Browser is opened with url: 'http://kyc'

2018-08-01 13:21:01 - [TEST_STEP][PASSED] - sendKeys: Keys 'wrongusername' sent to object: 'Object Repository/KYC Login Page/input_Username'

2018-08-01 13:21:01 - [MESSAGE][PASSED] - Keys 'wrongusername' sent to object: 'Object Repository/KYC Login Page/input_Username'

2018-08-01 13:21:01 - [TEST_STEP][PASSED] - sendKeys: Keys 'pass@word1' sent to object: 'Object Repository/KYC Login Page/input_Password'

2018-08-01 13:21:02 - [MESSAGE][PASSED] - Keys 'pass@word1' sent to object: 'Object Repository/KYC Login Page/input_Password'

2018-08-01 13:21:02 - [TEST_STEP][PASSED] - click: Object: 'Object Repository/KYC Login Page/button_Login' is clicked on

2018-08-01 13:21:03 - [MESSAGE][PASSED] - Object: 'Object Repository/KYC Login Page/button_Login' is clicked on

2018-08-01 13:21:03 - [TEST_STEP][PASSED] - verifyTextPresent: Text 'Invalid login attempt' is present on page 

2018-08-01 13:21:03 - [MESSAGE][PASSED] - Text 'Invalid login attempt' is present on page 

2018-08-01 13:21:03 - [TEST_STEP][PASSED] - Start listener action : sampleAfterTestCase: Invoke 'com.kms.katalon.core.annotation.AfterTestCase' method: 'AVTestListener.sampleAfterTestCase(...)' completed.

2018-08-01 13:21:03 - [TEST_STEP][PASSED] - Statement - println(testCaseContext.getTestCaseId()): null

2018-08-01 13:21:03 - [TEST_STEP][PASSED] - Statement - println(testCaseContext.getTestCaseStatus()): Invoke 'com.kms.katalon.core.annotation.AfterTestCase' method: 'AVTestListener.sampleAfterTestCase(...)' completed.]]></system-out>
         <system-err><![CDATA[]]></system-err>
      </testcase>
      <testcase name="Test Cases/Verify that Password field is validated as required field" classname="Test Cases/Verify that Password field is validated as required field" status="PASSED">
         <system-out><![CDATA[2018-08-01 13:21:03 - [TEST_CASE][PASSED] - Test Cases/Verify that Password field is validated as required field: Test Cases/Verify that Password field is validated as required field

2018-08-01 13:21:03 - [TEST_STEP][PASSED] - Start listener action : sampleBeforeTestCase: Browser is opened with url: 'http://kyc'

2018-08-01 13:21:03 - [TEST_STEP][PASSED] - Statement - println(testCaseContext.getTestCaseId()): null

2018-08-01 13:21:03 - [TEST_STEP][PASSED] - Statement - println(testCaseContext.getTestCaseVariables()): null

2018-08-01 13:21:03 - [TEST_STEP][PASSED] - openBrowser: Browser is opened with url: 'http://kyc'

2018-08-01 13:21:03 - [MESSAGE][WARNING] - A browser is already opened. Closing browser and opening a new one

2018-08-01 13:21:14 - [MESSAGE][PASSED] - Browser is opened with url: 'http://kyc'

2018-08-01 13:21:14 - [TEST_STEP][PASSED] - sendKeys: Keys 'admin' sent to object: 'Object Repository/KYC Login Page/input_Username'

2018-08-01 13:21:14 - [MESSAGE][PASSED] - Keys 'admin' sent to object: 'Object Repository/KYC Login Page/input_Username'

2018-08-01 13:21:14 - [TEST_STEP][PASSED] - click: Object: 'Object Repository/KYC Login Page/button_Login' is clicked on

2018-08-01 13:21:15 - [MESSAGE][PASSED] - Object: 'Object Repository/KYC Login Page/button_Login' is clicked on

2018-08-01 13:21:15 - [TEST_STEP][PASSED] - verifyTextPresent: Text 'The Password field is req' is present on page 

2018-08-01 13:21:15 - [MESSAGE][PASSED] - Text 'The Password field is req' is present on page 

2018-08-01 13:21:15 - [TEST_STEP][PASSED] - Start listener action : sampleAfterTestCase: Invoke 'com.kms.katalon.core.annotation.AfterTestCase' method: 'AVTestListener.sampleAfterTestCase(...)' completed.

2018-08-01 13:21:15 - [TEST_STEP][PASSED] - Statement - println(testCaseContext.getTestCaseId()): null

2018-08-01 13:21:15 - [TEST_STEP][PASSED] - Statement - println(testCaseContext.getTestCaseStatus()): Invoke 'com.kms.katalon.core.annotation.AfterTestCase' method: 'AVTestListener.sampleAfterTestCase(...)' completed.]]></system-out>
         <system-err><![CDATA[]]></system-err>
      </testcase>
      <system-out><![CDATA[2018-08-01 13:20:24 - [TEST_SUITE][PASSED] - UnsuccessfulLogin: Test Cases/Verify that Password field is validated as required field]]></system-out>
      <system-err><![CDATA[]]></system-err>
   </testsuite>
</testsuites>
